{"timestamp":"2025-06-08T00:37:19.002Z","type":"SECURITY_VIOLATION","event":"change","file":"/Users/Max/Main VS/blueprint/package.json","blocked":true,"restored":true,"protection_level":"maximum"}
{"timestamp":"2025-06-08T00:52:35.337Z","type":"SECURITY_VIOLATION","event":"change","file":"/Users/Max/Main VS/blueprint/cli/blueprint-cli.ts","blocked":true,"restored":true,"protection_level":"maximum"}
{"timestamp":"2025-06-08T00:52:35.337Z","type":"SECURITY_VIOLATION","event":"change","file":"/Users/Max/Main VS/blueprint/cli/blueprint-cli.ts","blocked":true,"restored":true,"protection_level":"maximum"}
{"timestamp":"2025-06-08T00:52:44.420Z","type":"SECURITY_VIOLATION","event":"change","file":"/Users/Max/Main VS/blueprint/cli/blueprint-cli.ts","blocked":true,"restored":true,"protection_level":"maximum"}
{"timestamp":"2025-06-08T00:52:44.421Z","type":"SECURITY_VIOLATION","event":"change","file":"/Users/Max/Main VS/blueprint/cli/blueprint-cli.ts","blocked":true,"restored":true,"protection_level":"maximum"}
{"timestamp":"2025-06-08T00:56:34.056Z","type":"SECURITY_VIOLATION","event":"rename","file":"/Users/Max/Main VS/blueprint/scripts/reset-update.js","blocked":true,"restored":true,"protection_level":"maximum"}
{"timestamp":"2025-06-08T00:56:34.057Z","type":"SECURITY_VIOLATION","event":"rename","file":"/Users/Max/Main VS/blueprint/scripts/reset-update.js","blocked":true,"restored":true,"protection_level":"maximum"}
{"timestamp":"2025-06-08T00:56:35.666Z","type":"SECURITY_VIOLATION","event":"rename","file":"/Users/Max/Main VS/blueprint/scripts/reset-update.js","blocked":true,"restored":true,"protection_level":"maximum"}
{"timestamp":"2025-06-08T00:56:35.667Z","type":"SECURITY_VIOLATION","event":"rename","file":"/Users/Max/Main VS/blueprint/scripts/reset-update.js","blocked":true,"restored":true,"protection_level":"maximum"}
{"timestamp":"2025-06-08T00:56:48.154Z","type":"SECURITY_VIOLATION","event":"rename","file":"/Users/Max/Main VS/blueprint/scripts/reset-update.js","blocked":true,"restored":true,"protection_level":"maximum"}
{"timestamp":"2025-06-08T00:56:48.154Z","type":"SECURITY_VIOLATION","event":"rename","file":"/Users/Max/Main VS/blueprint/scripts/reset-update.js","blocked":true,"restored":true,"protection_level":"maximum"}
{"timestamp":"2025-06-08T00:56:48.154Z","type":"SECURITY_VIOLATION","event":"rename","file":"/Users/Max/Main VS/blueprint/scripts/reset-update.cjs","blocked":true,"restored":true,"protection_level":"maximum"}
{"timestamp":"2025-06-08T00:56:48.154Z","type":"SECURITY_VIOLATION","event":"rename","file":"/Users/Max/Main VS/blueprint/scripts/reset-update.cjs","blocked":true,"restored":true,"protection_level":"maximum"}
{"timestamp":"2025-06-08T00:57:11.308Z","type":"SECURITY_VIOLATION","event":"change","file":"/Users/Max/Main VS/blueprint/package.json","blocked":true,"restored":true,"protection_level":"maximum"}
{"timestamp":"2025-06-08T00:57:11.308Z","type":"SECURITY_VIOLATION","event":"change","file":"/Users/Max/Main VS/blueprint/package.json","blocked":true,"restored":true,"protection_level":"maximum"}
{"timestamp":"2025-06-08T00:57:31.507Z","type":"SECURITY_VIOLATION","event":"rename","file":"/Users/Max/Main VS/blueprint/scripts/reset-update-wrapper.cjs","blocked":true,"restored":true,"protection_level":"maximum"}
{"timestamp":"2025-06-08T00:57:31.507Z","type":"SECURITY_VIOLATION","event":"rename","file":"/Users/Max/Main VS/blueprint/scripts/reset-update-wrapper.cjs","blocked":true,"restored":true,"protection_level":"maximum"}
{"timestamp":"2025-06-08T00:57:32.878Z","type":"SECURITY_VIOLATION","event":"rename","file":"/Users/Max/Main VS/blueprint/scripts/reset-update-wrapper.cjs","blocked":true,"restored":true,"protection_level":"maximum"}
{"timestamp":"2025-06-08T00:57:32.878Z","type":"SECURITY_VIOLATION","event":"rename","file":"/Users/Max/Main VS/blueprint/scripts/reset-update-wrapper.cjs","blocked":true,"restored":true,"protection_level":"maximum"}
{"timestamp":"2025-06-08T00:57:39.875Z","type":"SECURITY_VIOLATION","event":"change","file":"/Users/Max/Main VS/blueprint/package.json","blocked":true,"restored":true,"protection_level":"maximum"}
{"timestamp":"2025-06-08T00:57:39.875Z","type":"SECURITY_VIOLATION","event":"change","file":"/Users/Max/Main VS/blueprint/package.json","blocked":true,"restored":true,"protection_level":"maximum"}
{"timestamp":"2025-06-08T00:57:57.926Z","type":"SECURITY_VIOLATION","event":"rename","file":"/Users/Max/Main VS/blueprint/scripts/cli-proxy.cjs","blocked":true,"restored":true,"protection_level":"maximum"}
{"timestamp":"2025-06-08T00:57:57.926Z","type":"SECURITY_VIOLATION","event":"rename","file":"/Users/Max/Main VS/blueprint/scripts/cli-proxy.cjs","blocked":true,"restored":true,"protection_level":"maximum"}
{"timestamp":"2025-06-08T00:57:59.315Z","type":"SECURITY_VIOLATION","event":"rename","file":"/Users/Max/Main VS/blueprint/scripts/cli-proxy.cjs","blocked":true,"restored":true,"protection_level":"maximum"}
{"timestamp":"2025-06-08T00:57:59.315Z","type":"SECURITY_VIOLATION","event":"rename","file":"/Users/Max/Main VS/blueprint/scripts/cli-proxy.cjs","blocked":true,"restored":true,"protection_level":"maximum"}
{"timestamp":"2025-06-08T00:58:06.824Z","type":"SECURITY_VIOLATION","event":"change","file":"/Users/Max/Main VS/blueprint/package.json","blocked":true,"restored":true,"protection_level":"maximum"}
{"timestamp":"2025-06-08T00:58:06.824Z","type":"SECURITY_VIOLATION","event":"change","file":"/Users/Max/Main VS/blueprint/package.json","blocked":true,"restored":true,"protection_level":"maximum"}
{"timestamp":"2025-06-08T00:58:28.064Z","type":"SECURITY_VIOLATION","event":"change","file":"/Users/Max/Main VS/blueprint/scripts/cli-proxy.cjs","blocked":true,"restored":true,"protection_level":"maximum"}
{"timestamp":"2025-06-08T00:58:28.065Z","type":"SECURITY_VIOLATION","event":"change","file":"/Users/Max/Main VS/blueprint/scripts/cli-proxy.cjs","blocked":true,"restored":true,"protection_level":"maximum"}
{"timestamp":"2025-06-08T00:58:41.868Z","type":"SECURITY_VIOLATION","event":"change","file":"/Users/Max/Main VS/blueprint/scripts/cli-proxy.cjs","blocked":true,"restored":true,"protection_level":"maximum"}
{"timestamp":"2025-06-08T00:58:41.868Z","type":"SECURITY_VIOLATION","event":"change","file":"/Users/Max/Main VS/blueprint/scripts/cli-proxy.cjs","blocked":true,"restored":true,"protection_level":"maximum"}
{"timestamp":"2025-06-08T00:59:09.514Z","type":"SECURITY_VIOLATION","event":"change","file":"/Users/Max/Main VS/blueprint/scripts/cli-proxy.cjs","blocked":true,"restored":true,"protection_level":"maximum"}
{"timestamp":"2025-06-08T00:59:09.514Z","type":"SECURITY_VIOLATION","event":"change","file":"/Users/Max/Main VS/blueprint/scripts/cli-proxy.cjs","blocked":true,"restored":true,"protection_level":"maximum"}
{"timestamp":"2025-06-08T00:59:19.199Z","type":"SECURITY_VIOLATION","event":"change","file":"/Users/Max/Main VS/blueprint/scripts/cli-proxy.cjs","blocked":true,"restored":true,"protection_level":"maximum"}
{"timestamp":"2025-06-08T00:59:19.199Z","type":"SECURITY_VIOLATION","event":"change","file":"/Users/Max/Main VS/blueprint/scripts/cli-proxy.cjs","blocked":true,"restored":true,"protection_level":"maximum"}
{"timestamp":"2025-06-08T00:59:25.366Z","type":"SECURITY_VIOLATION","event":"change","file":"/Users/Max/Main VS/blueprint/scripts/cli-proxy.cjs","blocked":true,"restored":true,"protection_level":"maximum"}
{"timestamp":"2025-06-08T00:59:25.366Z","type":"SECURITY_VIOLATION","event":"change","file":"/Users/Max/Main VS/blueprint/scripts/cli-proxy.cjs","blocked":true,"restored":true,"protection_level":"maximum"}
{"timestamp":"2025-06-08T01:02:11.933Z","type":"SECURITY_VIOLATION","event":"change","file":"/Users/Max/Main VS/blueprint/src/components/widgets/KPICard.tsx","blocked":true,"restored":true,"protection_level":"maximum"}
{"timestamp":"2025-06-08T01:02:11.933Z","type":"SECURITY_VIOLATION","event":"change","file":"/Users/Max/Main VS/blueprint/src/components/widgets/KPICard.tsx","blocked":true,"restored":true,"protection_level":"maximum"}
{"timestamp":"2025-06-08T01:02:11.934Z","type":"SECURITY_VIOLATION","event":"change","file":"/Users/Max/Main VS/blueprint/src/components/widgets/KPICard.tsx","blocked":true,"restored":true,"protection_level":"maximum"}
{"timestamp":"2025-06-08T01:02:18.143Z","type":"SECURITY_VIOLATION","event":"change","file":"/Users/Max/Main VS/blueprint/package.json","blocked":true,"restored":true,"protection_level":"maximum"}
{"timestamp":"2025-06-08T01:02:18.143Z","type":"SECURITY_VIOLATION","event":"change","file":"/Users/Max/Main VS/blueprint/package.json","blocked":true,"restored":true,"protection_level":"maximum"}
{"timestamp":"2025-06-08T01:02:18.143Z","type":"SECURITY_VIOLATION","event":"change","file":"/Users/Max/Main VS/blueprint/package.json","blocked":true,"restored":true,"protection_level":"maximum"}
{"timestamp":"2025-06-08T01:02:44.605Z","type":"SECURITY_VIOLATION","event":"change","file":"/Users/Max/Main VS/blueprint/cli/blueprint-cli.ts","blocked":true,"restored":true,"protection_level":"maximum"}
{"timestamp":"2025-06-08T01:02:44.660Z","type":"SECURITY_VIOLATION","event":"change","file":"/Users/Max/Main VS/blueprint/cli/blueprint-cli.ts","blocked":true,"restored":true,"protection_level":"maximum"}
{"timestamp":"2025-06-08T01:02:44.660Z","type":"SECURITY_VIOLATION","event":"change","file":"/Users/Max/Main VS/blueprint/cli/blueprint-cli.ts","blocked":true,"restored":true,"protection_level":"maximum"}
{"timestamp":"2025-06-08T01:02:44.661Z","type":"SECURITY_VIOLATION","event":"change","file":"/Users/Max/Main VS/blueprint/cli/blueprint-cli.ts","blocked":true,"restored":true,"protection_level":"maximum"}
{"timestamp":"2025-06-08T01:03:06.677Z","type":"SECURITY_VIOLATION","event":"change","file":"/Users/Max/Main VS/blueprint/cli/blueprint-cli.ts","blocked":true,"restored":true,"protection_level":"maximum"}
{"timestamp":"2025-06-08T01:03:06.678Z","type":"SECURITY_VIOLATION","event":"change","file":"/Users/Max/Main VS/blueprint/cli/blueprint-cli.ts","blocked":true,"restored":true,"protection_level":"maximum"}
{"timestamp":"2025-06-08T01:03:06.679Z","type":"SECURITY_VIOLATION","event":"change","file":"/Users/Max/Main VS/blueprint/cli/blueprint-cli.ts","blocked":true,"restored":true,"protection_level":"maximum"}
{"timestamp":"2025-06-08T01:03:06.680Z","type":"SECURITY_VIOLATION","event":"change","file":"/Users/Max/Main VS/blueprint/cli/blueprint-cli.ts","blocked":true,"restored":true,"protection_level":"maximum"}
{"timestamp":"2025-06-08T01:03:19.867Z","type":"SECURITY_VIOLATION","event":"change","file":"/Users/Max/Main VS/blueprint/cli/blueprint-cli.ts","blocked":true,"restored":true,"protection_level":"maximum"}
{"timestamp":"2025-06-08T01:03:19.868Z","type":"SECURITY_VIOLATION","event":"change","file":"/Users/Max/Main VS/blueprint/cli/blueprint-cli.ts","blocked":true,"restored":true,"protection_level":"maximum"}
{"timestamp":"2025-06-08T01:03:19.869Z","type":"SECURITY_VIOLATION","event":"change","file":"/Users/Max/Main VS/blueprint/cli/blueprint-cli.ts","blocked":true,"restored":true,"protection_level":"maximum"}
{"timestamp":"2025-06-08T01:03:19.870Z","type":"SECURITY_VIOLATION","event":"change","file":"/Users/Max/Main VS/blueprint/cli/blueprint-cli.ts","blocked":true,"restored":true,"protection_level":"maximum"}
{"timestamp":"2025-06-08T01:03:31.362Z","type":"SECURITY_VIOLATION","event":"change","file":"/Users/Max/Main VS/blueprint/cli/blueprint-cli.ts","blocked":true,"restored":true,"protection_level":"maximum"}
{"timestamp":"2025-06-08T01:03:31.392Z","type":"SECURITY_VIOLATION","event":"change","file":"/Users/Max/Main VS/blueprint/cli/blueprint-cli.ts","blocked":true,"restored":true,"protection_level":"maximum"}
{"timestamp":"2025-06-08T01:03:31.394Z","type":"SECURITY_VIOLATION","event":"change","file":"/Users/Max/Main VS/blueprint/cli/blueprint-cli.ts","blocked":true,"restored":true,"protection_level":"maximum"}
{"timestamp":"2025-06-08T01:03:31.394Z","type":"SECURITY_VIOLATION","event":"change","file":"/Users/Max/Main VS/blueprint/cli/blueprint-cli.ts","blocked":true,"restored":true,"protection_level":"maximum"}
{"timestamp":"2025-06-08T01:03:41.134Z","type":"SECURITY_VIOLATION","event":"change","file":"/Users/Max/Main VS/blueprint/cli/blueprint-cli.ts","blocked":true,"restored":true,"protection_level":"maximum"}
{"timestamp":"2025-06-08T01:03:41.135Z","type":"SECURITY_VIOLATION","event":"change","file":"/Users/Max/Main VS/blueprint/cli/blueprint-cli.ts","blocked":true,"restored":true,"protection_level":"maximum"}
{"timestamp":"2025-06-08T01:03:41.135Z","type":"SECURITY_VIOLATION","event":"change","file":"/Users/Max/Main VS/blueprint/cli/blueprint-cli.ts","blocked":true,"restored":true,"protection_level":"maximum"}
{"timestamp":"2025-06-08T01:03:41.135Z","type":"SECURITY_VIOLATION","event":"change","file":"/Users/Max/Main VS/blueprint/cli/blueprint-cli.ts","blocked":true,"restored":true,"protection_level":"maximum"}
{"timestamp":"2025-06-08T01:03:50.441Z","type":"SECURITY_VIOLATION","event":"change","file":"/Users/Max/Main VS/blueprint/cli/blueprint-cli.ts","blocked":true,"restored":true,"protection_level":"maximum"}
{"timestamp":"2025-06-08T01:03:50.444Z","type":"SECURITY_VIOLATION","event":"change","file":"/Users/Max/Main VS/blueprint/cli/blueprint-cli.ts","blocked":true,"restored":true,"protection_level":"maximum"}
{"timestamp":"2025-06-08T01:03:50.443Z","type":"SECURITY_VIOLATION","event":"change","file":"/Users/Max/Main VS/blueprint/cli/blueprint-cli.ts","blocked":true,"restored":true,"protection_level":"maximum"}
{"timestamp":"2025-06-08T01:03:50.446Z","type":"SECURITY_VIOLATION","event":"change","file":"/Users/Max/Main VS/blueprint/cli/blueprint-cli.ts","blocked":true,"restored":true,"protection_level":"maximum"}
{"timestamp":"2025-06-08T01:07:02.564Z","type":"SECURITY_VIOLATION","event":"change","file":"/Users/Max/Main VS/blueprint/src/components/widgets/KPICard.tsx","blocked":true,"restored":true,"protection_level":"maximum"}
{"timestamp":"2025-06-08T01:07:02.565Z","type":"SECURITY_VIOLATION","event":"change","file":"/Users/Max/Main VS/blueprint/src/components/widgets/KPICard.tsx","blocked":true,"restored":true,"protection_level":"maximum"}
{"timestamp":"2025-06-08T01:07:02.565Z","type":"SECURITY_VIOLATION","event":"change","file":"/Users/Max/Main VS/blueprint/src/components/widgets/KPICard.tsx","blocked":true,"restored":true,"protection_level":"maximum"}
{"timestamp":"2025-06-08T01:07:02.565Z","type":"SECURITY_VIOLATION","event":"change","file":"/Users/Max/Main VS/blueprint/src/components/widgets/KPICard.tsx","blocked":true,"restored":true,"protection_level":"maximum"}
{"timestamp":"2025-06-08T01:07:02.568Z","type":"SECURITY_VIOLATION","event":"change","file":"/Users/Max/Main VS/blueprint/src/components/widgets/KPICard.tsx","blocked":true,"restored":true,"protection_level":"maximum"}
{"timestamp":"2025-06-08T01:09:40.438Z","type":"SECURITY_VIOLATION","event":"change","file":"/Users/Max/Main VS/blueprint/src/components/widgets/KPICard.tsx","blocked":true,"restored":true,"protection_level":"maximum"}
{"timestamp":"2025-06-08T01:09:40.440Z","type":"SECURITY_VIOLATION","event":"change","file":"/Users/Max/Main VS/blueprint/src/components/widgets/KPICard.tsx","blocked":true,"restored":true,"protection_level":"maximum"}
{"timestamp":"2025-06-08T01:09:40.444Z","type":"SECURITY_VIOLATION","event":"change","file":"/Users/Max/Main VS/blueprint/src/components/widgets/KPICard.tsx","blocked":true,"restored":true,"protection_level":"maximum"}
{"timestamp":"2025-06-08T01:09:40.444Z","type":"SECURITY_VIOLATION","event":"change","file":"/Users/Max/Main VS/blueprint/src/components/widgets/KPICard.tsx","blocked":true,"restored":true,"protection_level":"maximum"}
{"timestamp":"2025-06-08T01:09:40.444Z","type":"SECURITY_VIOLATION","event":"change","file":"/Users/Max/Main VS/blueprint/src/components/widgets/KPICard.tsx","blocked":true,"restored":true,"protection_level":"maximum"}
{"timestamp":"2025-06-08T01:09:40.449Z","type":"SECURITY_VIOLATION","event":"change","file":"/Users/Max/Main VS/blueprint/src/components/widgets/KPICard.tsx","blocked":true,"restored":true,"protection_level":"maximum"}
{"timestamp":"2025-06-08T01:09:47.022Z","type":"SECURITY_VIOLATION","event":"change","file":"/Users/Max/Main VS/blueprint/src/components/widgets/KPICard.tsx","blocked":true,"restored":true,"protection_level":"maximum"}
{"timestamp":"2025-06-08T01:09:47.022Z","type":"SECURITY_VIOLATION","event":"change","file":"/Users/Max/Main VS/blueprint/src/components/widgets/KPICard.tsx","blocked":true,"restored":true,"protection_level":"maximum"}
{"timestamp":"2025-06-08T01:09:47.022Z","type":"SECURITY_VIOLATION","event":"change","file":"/Users/Max/Main VS/blueprint/src/components/widgets/KPICard.tsx","blocked":true,"restored":true,"protection_level":"maximum"}
{"timestamp":"2025-06-08T01:09:47.022Z","type":"SECURITY_VIOLATION","event":"change","file":"/Users/Max/Main VS/blueprint/src/components/widgets/KPICard.tsx","blocked":true,"restored":true,"protection_level":"maximum"}
{"timestamp":"2025-06-08T01:09:47.022Z","type":"SECURITY_VIOLATION","event":"change","file":"/Users/Max/Main VS/blueprint/src/components/widgets/KPICard.tsx","blocked":true,"restored":true,"protection_level":"maximum"}
{"timestamp":"2025-06-08T01:09:47.023Z","type":"SECURITY_VIOLATION","event":"change","file":"/Users/Max/Main VS/blueprint/src/components/widgets/KPICard.tsx","blocked":true,"restored":true,"protection_level":"maximum"}
{"timestamp":"2025-06-08T01:16:09.766Z","type":"SECURITY_VIOLATION","event":"change","file":"/Users/Max/Main VS/blueprint/cli/blueprint-cli.ts","blocked":true,"restored":true,"protection_level":"maximum"}
{"timestamp":"2025-06-08T01:16:09.774Z","type":"SECURITY_VIOLATION","event":"change","file":"/Users/Max/Main VS/blueprint/cli/blueprint-cli.ts","blocked":true,"restored":true,"protection_level":"maximum"}
{"timestamp":"2025-06-08T01:16:09.774Z","type":"SECURITY_VIOLATION","event":"change","file":"/Users/Max/Main VS/blueprint/cli/blueprint-cli.ts","blocked":true,"restored":true,"protection_level":"maximum"}
{"timestamp":"2025-06-08T01:16:09.774Z","type":"SECURITY_VIOLATION","event":"change","file":"/Users/Max/Main VS/blueprint/cli/blueprint-cli.ts","blocked":true,"restored":true,"protection_level":"maximum"}
{"timestamp":"2025-06-08T01:16:09.774Z","type":"SECURITY_VIOLATION","event":"change","file":"/Users/Max/Main VS/blueprint/cli/blueprint-cli.ts","blocked":true,"restored":true,"protection_level":"maximum"}
{"timestamp":"2025-06-08T01:16:09.775Z","type":"SECURITY_VIOLATION","event":"change","file":"/Users/Max/Main VS/blueprint/cli/blueprint-cli.ts","blocked":true,"restored":true,"protection_level":"maximum"}
{"timestamp":"2025-06-08T01:17:06.013Z","type":"SECURITY_VIOLATION","event":"change","file":"/Users/Max/Main VS/blueprint/README.md","blocked":true,"restored":true,"protection_level":"maximum"}
{"timestamp":"2025-06-08T01:17:06.014Z","type":"SECURITY_VIOLATION","event":"change","file":"/Users/Max/Main VS/blueprint/README.md","blocked":true,"restored":true,"protection_level":"maximum"}
{"timestamp":"2025-06-08T01:17:06.014Z","type":"SECURITY_VIOLATION","event":"change","file":"/Users/Max/Main VS/blueprint/README.md","blocked":true,"restored":true,"protection_level":"maximum"}
{"timestamp":"2025-06-08T01:17:06.016Z","type":"SECURITY_VIOLATION","event":"change","file":"/Users/Max/Main VS/blueprint/README.md","blocked":true,"restored":true,"protection_level":"maximum"}
{"timestamp":"2025-06-08T01:17:06.016Z","type":"SECURITY_VIOLATION","event":"change","file":"/Users/Max/Main VS/blueprint/README.md","blocked":true,"restored":true,"protection_level":"maximum"}
{"timestamp":"2025-06-08T01:17:06.017Z","type":"SECURITY_VIOLATION","event":"change","file":"/Users/Max/Main VS/blueprint/README.md","blocked":true,"restored":true,"protection_level":"maximum"}
{"timestamp":"2025-06-08T01:17:06.027Z","type":"SECURITY_VIOLATION","event":"change","file":"/Users/Max/Main VS/blueprint/package.json","blocked":true,"restored":true,"protection_level":"maximum"}
{"timestamp":"2025-06-08T01:17:06.027Z","type":"SECURITY_VIOLATION","event":"change","file":"/Users/Max/Main VS/blueprint/package.json","blocked":true,"restored":true,"protection_level":"maximum"}
{"timestamp":"2025-06-08T01:17:06.027Z","type":"SECURITY_VIOLATION","event":"change","file":"/Users/Max/Main VS/blueprint/package.json","blocked":true,"restored":true,"protection_level":"maximum"}
{"timestamp":"2025-06-08T01:17:06.027Z","type":"SECURITY_VIOLATION","event":"change","file":"/Users/Max/Main VS/blueprint/package.json","blocked":true,"restored":true,"protection_level":"maximum"}
{"timestamp":"2025-06-08T01:17:06.027Z","type":"SECURITY_VIOLATION","event":"change","file":"/Users/Max/Main VS/blueprint/package.json","blocked":true,"restored":true,"protection_level":"maximum"}
{"timestamp":"2025-06-08T01:17:06.027Z","type":"SECURITY_VIOLATION","event":"change","file":"/Users/Max/Main VS/blueprint/package.json","blocked":true,"restored":true,"protection_level":"maximum"}
{"timestamp":"2025-06-08T01:17:06.030Z","type":"SECURITY_VIOLATION","event":"change","file":"/Users/Max/Main VS/blueprint/tailwind.config.js","blocked":true,"restored":true,"protection_level":"maximum"}
{"timestamp":"2025-06-08T01:17:06.030Z","type":"SECURITY_VIOLATION","event":"change","file":"/Users/Max/Main VS/blueprint/tailwind.config.js","blocked":true,"restored":true,"protection_level":"maximum"}
{"timestamp":"2025-06-08T01:17:06.030Z","type":"SECURITY_VIOLATION","event":"change","file":"/Users/Max/Main VS/blueprint/tailwind.config.js","blocked":true,"restored":true,"protection_level":"maximum"}
{"timestamp":"2025-06-08T01:17:06.030Z","type":"SECURITY_VIOLATION","event":"change","file":"/Users/Max/Main VS/blueprint/tailwind.config.js","blocked":true,"restored":true,"protection_level":"maximum"}
{"timestamp":"2025-06-08T01:17:06.030Z","type":"SECURITY_VIOLATION","event":"change","file":"/Users/Max/Main VS/blueprint/tailwind.config.js","blocked":true,"restored":true,"protection_level":"maximum"}
{"timestamp":"2025-06-08T01:17:06.030Z","type":"SECURITY_VIOLATION","event":"change","file":"/Users/Max/Main VS/blueprint/tailwind.config.js","blocked":true,"restored":true,"protection_level":"maximum"}
{"timestamp":"2025-06-08T01:17:06.031Z","type":"SECURITY_VIOLATION","event":"change","file":"/Users/Max/Main VS/blueprint/tsconfig.json","blocked":true,"restored":true,"protection_level":"maximum"}
{"timestamp":"2025-06-08T01:17:06.031Z","type":"SECURITY_VIOLATION","event":"change","file":"/Users/Max/Main VS/blueprint/tsconfig.json","blocked":true,"restored":true,"protection_level":"maximum"}
{"timestamp":"2025-06-08T01:17:06.032Z","type":"SECURITY_VIOLATION","event":"change","file":"/Users/Max/Main VS/blueprint/tsconfig.json","blocked":true,"restored":true,"protection_level":"maximum"}
{"timestamp":"2025-06-08T01:17:06.032Z","type":"SECURITY_VIOLATION","event":"change","file":"/Users/Max/Main VS/blueprint/tsconfig.json","blocked":true,"restored":true,"protection_level":"maximum"}
{"timestamp":"2025-06-08T01:17:06.032Z","type":"SECURITY_VIOLATION","event":"change","file":"/Users/Max/Main VS/blueprint/tsconfig.json","blocked":true,"restored":true,"protection_level":"maximum"}
{"timestamp":"2025-06-08T01:17:06.033Z","type":"SECURITY_VIOLATION","event":"change","file":"/Users/Max/Main VS/blueprint/vite.config.ts","blocked":true,"restored":true,"protection_level":"maximum"}
{"timestamp":"2025-06-08T01:17:06.033Z","type":"SECURITY_VIOLATION","event":"change","file":"/Users/Max/Main VS/blueprint/vite.config.ts","blocked":true,"restored":true,"protection_level":"maximum"}
{"timestamp":"2025-06-08T01:17:06.034Z","type":"SECURITY_VIOLATION","event":"change","file":"/Users/Max/Main VS/blueprint/vite.config.ts","blocked":true,"restored":true,"protection_level":"maximum"}
{"timestamp":"2025-06-08T01:17:06.034Z","type":"SECURITY_VIOLATION","event":"change","file":"/Users/Max/Main VS/blueprint/vite.config.ts","blocked":true,"restored":true,"protection_level":"maximum"}
{"timestamp":"2025-06-08T01:17:06.033Z","type":"SECURITY_VIOLATION","event":"change","file":"/Users/Max/Main VS/blueprint/vite.config.ts","blocked":true,"restored":true,"protection_level":"maximum"}
{"timestamp":"2025-06-08T01:17:06.034Z","type":"SECURITY_VIOLATION","event":"change","file":"/Users/Max/Main VS/blueprint/tsconfig.json","blocked":true,"restored":true,"protection_level":"maximum"}
{"timestamp":"2025-06-08T01:17:06.036Z","type":"SECURITY_VIOLATION","event":"change","file":"/Users/Max/Main VS/blueprint/vite.config.ts","blocked":true,"restored":true,"protection_level":"maximum"}
{"timestamp":"2025-06-08T01:17:07.043Z","type":"SECURITY_VIOLATION","event":"change","file":"/Users/Max/Main VS/blueprint/tailwind.config.js","blocked":true,"restored":true,"protection_level":"maximum"}
{"timestamp":"2025-06-08T01:17:07.043Z","type":"SECURITY_VIOLATION","event":"change","file":"/Users/Max/Main VS/blueprint/tailwind.config.js","blocked":true,"restored":true,"protection_level":"maximum"}
{"timestamp":"2025-06-08T01:17:07.043Z","type":"SECURITY_VIOLATION","event":"change","file":"/Users/Max/Main VS/blueprint/tailwind.config.js","blocked":true,"restored":true,"protection_level":"maximum"}
{"timestamp":"2025-06-08T01:17:07.042Z","type":"SECURITY_VIOLATION","event":"change","file":"/Users/Max/Main VS/blueprint/tailwind.config.js","blocked":true,"restored":true,"protection_level":"maximum"}
{"timestamp":"2025-06-08T01:17:07.043Z","type":"SECURITY_VIOLATION","event":"change","file":"/Users/Max/Main VS/blueprint/tailwind.config.js","blocked":true,"restored":true,"protection_level":"maximum"}
{"timestamp":"2025-06-08T01:17:07.043Z","type":"SECURITY_VIOLATION","event":"change","file":"/Users/Max/Main VS/blueprint/tailwind.config.js","blocked":true,"restored":true,"protection_level":"maximum"}
{"timestamp":"2025-06-08T01:17:07.125Z","type":"SECURITY_VIOLATION","event":"change","file":"/Users/Max/Main VS/blueprint/vite.config.ts","blocked":true,"restored":true,"protection_level":"maximum"}
{"timestamp":"2025-06-08T01:17:07.125Z","type":"SECURITY_VIOLATION","event":"change","file":"/Users/Max/Main VS/blueprint/vite.config.ts","blocked":true,"restored":true,"protection_level":"maximum"}
{"timestamp":"2025-06-08T01:17:07.125Z","type":"SECURITY_VIOLATION","event":"change","file":"/Users/Max/Main VS/blueprint/vite.config.ts","blocked":true,"restored":true,"protection_level":"maximum"}
{"timestamp":"2025-06-08T01:17:07.125Z","type":"SECURITY_VIOLATION","event":"change","file":"/Users/Max/Main VS/blueprint/vite.config.ts","blocked":true,"restored":true,"protection_level":"maximum"}
{"timestamp":"2025-06-08T01:17:07.125Z","type":"SECURITY_VIOLATION","event":"change","file":"/Users/Max/Main VS/blueprint/vite.config.ts","blocked":true,"restored":true,"protection_level":"maximum"}
{"timestamp":"2025-06-08T01:17:07.125Z","type":"SECURITY_VIOLATION","event":"change","file":"/Users/Max/Main VS/blueprint/vite.config.ts","blocked":true,"restored":true,"protection_level":"maximum"}
{"timestamp":"2025-06-08T01:17:12.630Z","type":"SECURITY_VIOLATION","event":"change","file":"/Users/Max/Main VS/blueprint/tailwind.config.js","blocked":true,"restored":true,"protection_level":"maximum"}
{"timestamp":"2025-06-08T01:17:12.632Z","type":"SECURITY_VIOLATION","event":"change","file":"/Users/Max/Main VS/blueprint/tailwind.config.js","blocked":true,"restored":true,"protection_level":"maximum"}
{"timestamp":"2025-06-08T01:17:12.633Z","type":"SECURITY_VIOLATION","event":"change","file":"/Users/Max/Main VS/blueprint/tailwind.config.js","blocked":true,"restored":true,"protection_level":"maximum"}
{"timestamp":"2025-06-08T01:17:12.636Z","type":"SECURITY_VIOLATION","event":"change","file":"/Users/Max/Main VS/blueprint/tailwind.config.js","blocked":true,"restored":true,"protection_level":"maximum"}
{"timestamp":"2025-06-08T01:17:12.636Z","type":"SECURITY_VIOLATION","event":"change","file":"/Users/Max/Main VS/blueprint/tailwind.config.js","blocked":true,"restored":true,"protection_level":"maximum"}
{"timestamp":"2025-06-08T01:17:12.636Z","type":"SECURITY_VIOLATION","event":"change","file":"/Users/Max/Main VS/blueprint/tailwind.config.js","blocked":true,"restored":true,"protection_level":"maximum"}
{"timestamp":"2025-06-08T01:17:12.729Z","type":"SECURITY_VIOLATION","event":"change","file":"/Users/Max/Main VS/blueprint/vite.config.ts","blocked":true,"restored":true,"protection_level":"maximum"}
{"timestamp":"2025-06-08T01:17:12.729Z","type":"SECURITY_VIOLATION","event":"change","file":"/Users/Max/Main VS/blueprint/vite.config.ts","blocked":true,"restored":true,"protection_level":"maximum"}
{"timestamp":"2025-06-08T01:17:12.729Z","type":"SECURITY_VIOLATION","event":"change","file":"/Users/Max/Main VS/blueprint/vite.config.ts","blocked":true,"restored":true,"protection_level":"maximum"}
{"timestamp":"2025-06-08T01:17:12.730Z","type":"SECURITY_VIOLATION","event":"change","file":"/Users/Max/Main VS/blueprint/vite.config.ts","blocked":true,"restored":true,"protection_level":"maximum"}
{"timestamp":"2025-06-08T01:17:12.730Z","type":"SECURITY_VIOLATION","event":"change","file":"/Users/Max/Main VS/blueprint/vite.config.ts","blocked":true,"restored":true,"protection_level":"maximum"}
{"timestamp":"2025-06-08T01:17:12.730Z","type":"SECURITY_VIOLATION","event":"change","file":"/Users/Max/Main VS/blueprint/vite.config.ts","blocked":true,"restored":true,"protection_level":"maximum"}
{"timestamp":"2025-06-08T01:18:03.085Z","type":"SECURITY_VIOLATION","event":"change","file":"/Users/Max/Main VS/blueprint/vite.config.ts","blocked":true,"restored":true,"protection_level":"maximum"}
{"timestamp":"2025-06-08T01:18:03.085Z","type":"SECURITY_VIOLATION","event":"change","file":"/Users/Max/Main VS/blueprint/vite.config.ts","blocked":true,"restored":true,"protection_level":"maximum"}
{"timestamp":"2025-06-08T01:18:03.085Z","type":"SECURITY_VIOLATION","event":"change","file":"/Users/Max/Main VS/blueprint/vite.config.ts","blocked":true,"restored":true,"protection_level":"maximum"}
{"timestamp":"2025-06-08T01:18:03.085Z","type":"SECURITY_VIOLATION","event":"change","file":"/Users/Max/Main VS/blueprint/vite.config.ts","blocked":true,"restored":true,"protection_level":"maximum"}
{"timestamp":"2025-06-08T01:18:03.086Z","type":"SECURITY_VIOLATION","event":"change","file":"/Users/Max/Main VS/blueprint/vite.config.ts","blocked":true,"restored":true,"protection_level":"maximum"}
{"timestamp":"2025-06-08T01:18:03.086Z","type":"SECURITY_VIOLATION","event":"change","file":"/Users/Max/Main VS/blueprint/vite.config.ts","blocked":true,"restored":true,"protection_level":"maximum"}
{"timestamp":"2025-06-08T01:18:03.120Z","type":"SECURITY_VIOLATION","event":"change","file":"/Users/Max/Main VS/blueprint/tailwind.config.js","blocked":true,"restored":true,"protection_level":"maximum"}
{"timestamp":"2025-06-08T01:18:03.120Z","type":"SECURITY_VIOLATION","event":"change","file":"/Users/Max/Main VS/blueprint/tailwind.config.js","blocked":true,"restored":true,"protection_level":"maximum"}
{"timestamp":"2025-06-08T01:18:03.120Z","type":"SECURITY_VIOLATION","event":"change","file":"/Users/Max/Main VS/blueprint/tailwind.config.js","blocked":true,"restored":true,"protection_level":"maximum"}
{"timestamp":"2025-06-08T01:18:03.120Z","type":"SECURITY_VIOLATION","event":"change","file":"/Users/Max/Main VS/blueprint/tailwind.config.js","blocked":true,"restored":true,"protection_level":"maximum"}
{"timestamp":"2025-06-08T01:18:03.120Z","type":"SECURITY_VIOLATION","event":"change","file":"/Users/Max/Main VS/blueprint/tailwind.config.js","blocked":true,"restored":true,"protection_level":"maximum"}
{"timestamp":"2025-06-08T01:18:03.120Z","type":"SECURITY_VIOLATION","event":"change","file":"/Users/Max/Main VS/blueprint/tailwind.config.js","blocked":true,"restored":true,"protection_level":"maximum"}
{"timestamp":"2025-06-08T01:18:42.955Z","type":"SECURITY_VIOLATION","event":"change","file":"/Users/Max/Main VS/blueprint/vite.config.ts","blocked":true,"restored":true,"protection_level":"maximum"}
{"timestamp":"2025-06-08T01:18:42.955Z","type":"SECURITY_VIOLATION","event":"change","file":"/Users/Max/Main VS/blueprint/vite.config.ts","blocked":true,"restored":true,"protection_level":"maximum"}
{"timestamp":"2025-06-08T01:18:42.955Z","type":"SECURITY_VIOLATION","event":"change","file":"/Users/Max/Main VS/blueprint/vite.config.ts","blocked":true,"restored":true,"protection_level":"maximum"}
{"timestamp":"2025-06-08T01:18:42.956Z","type":"SECURITY_VIOLATION","event":"change","file":"/Users/Max/Main VS/blueprint/vite.config.ts","blocked":true,"restored":true,"protection_level":"maximum"}
{"timestamp":"2025-06-08T01:18:42.956Z","type":"SECURITY_VIOLATION","event":"change","file":"/Users/Max/Main VS/blueprint/vite.config.ts","blocked":true,"restored":true,"protection_level":"maximum"}
{"timestamp":"2025-06-08T01:18:42.956Z","type":"SECURITY_VIOLATION","event":"change","file":"/Users/Max/Main VS/blueprint/vite.config.ts","blocked":true,"restored":true,"protection_level":"maximum"}
{"timestamp":"2025-06-08T01:18:43.011Z","type":"SECURITY_VIOLATION","event":"change","file":"/Users/Max/Main VS/blueprint/tailwind.config.js","blocked":true,"restored":true,"protection_level":"maximum"}
{"timestamp":"2025-06-08T01:18:43.011Z","type":"SECURITY_VIOLATION","event":"change","file":"/Users/Max/Main VS/blueprint/tailwind.config.js","blocked":true,"restored":true,"protection_level":"maximum"}
{"timestamp":"2025-06-08T01:18:43.012Z","type":"SECURITY_VIOLATION","event":"change","file":"/Users/Max/Main VS/blueprint/tailwind.config.js","blocked":true,"restored":true,"protection_level":"maximum"}
{"timestamp":"2025-06-08T01:18:43.012Z","type":"SECURITY_VIOLATION","event":"change","file":"/Users/Max/Main VS/blueprint/tailwind.config.js","blocked":true,"restored":true,"protection_level":"maximum"}
{"timestamp":"2025-06-08T01:18:43.012Z","type":"SECURITY_VIOLATION","event":"change","file":"/Users/Max/Main VS/blueprint/tailwind.config.js","blocked":true,"restored":true,"protection_level":"maximum"}
{"timestamp":"2025-06-08T01:18:43.012Z","type":"SECURITY_VIOLATION","event":"change","file":"/Users/Max/Main VS/blueprint/tailwind.config.js","blocked":true,"restored":true,"protection_level":"maximum"}
{"timestamp":"2025-06-08T01:19:07.614Z","type":"SECURITY_VIOLATION","event":"change","file":"/Users/Max/Main VS/blueprint/vite.config.ts","blocked":true,"restored":true,"protection_level":"maximum"}
{"timestamp":"2025-06-08T01:19:07.614Z","type":"SECURITY_VIOLATION","event":"change","file":"/Users/Max/Main VS/blueprint/vite.config.ts","blocked":true,"restored":true,"protection_level":"maximum"}
{"timestamp":"2025-06-08T01:19:07.614Z","type":"SECURITY_VIOLATION","event":"change","file":"/Users/Max/Main VS/blueprint/vite.config.ts","blocked":true,"restored":true,"protection_level":"maximum"}
{"timestamp":"2025-06-08T01:19:07.616Z","type":"SECURITY_VIOLATION","event":"change","file":"/Users/Max/Main VS/blueprint/vite.config.ts","blocked":true,"restored":true,"protection_level":"maximum"}
{"timestamp":"2025-06-08T01:19:07.615Z","type":"SECURITY_VIOLATION","event":"change","file":"/Users/Max/Main VS/blueprint/vite.config.ts","blocked":true,"restored":true,"protection_level":"maximum"}
{"timestamp":"2025-06-08T01:19:07.615Z","type":"SECURITY_VIOLATION","event":"change","file":"/Users/Max/Main VS/blueprint/vite.config.ts","blocked":true,"restored":true,"protection_level":"maximum"}
{"timestamp":"2025-06-08T01:19:07.618Z","type":"SECURITY_VIOLATION","event":"change","file":"/Users/Max/Main VS/blueprint/tailwind.config.js","blocked":true,"restored":true,"protection_level":"maximum"}
{"timestamp":"2025-06-08T01:19:07.618Z","type":"SECURITY_VIOLATION","event":"change","file":"/Users/Max/Main VS/blueprint/tailwind.config.js","blocked":true,"restored":true,"protection_level":"maximum"}
{"timestamp":"2025-06-08T01:19:07.618Z","type":"SECURITY_VIOLATION","event":"change","file":"/Users/Max/Main VS/blueprint/tailwind.config.js","blocked":true,"restored":true,"protection_level":"maximum"}
{"timestamp":"2025-06-08T01:19:07.618Z","type":"SECURITY_VIOLATION","event":"change","file":"/Users/Max/Main VS/blueprint/tailwind.config.js","blocked":true,"restored":true,"protection_level":"maximum"}
{"timestamp":"2025-06-08T01:19:07.618Z","type":"SECURITY_VIOLATION","event":"change","file":"/Users/Max/Main VS/blueprint/tailwind.config.js","blocked":true,"restored":true,"protection_level":"maximum"}
{"timestamp":"2025-06-08T01:19:07.618Z","type":"SECURITY_VIOLATION","event":"change","file":"/Users/Max/Main VS/blueprint/tailwind.config.js","blocked":true,"restored":true,"protection_level":"maximum"}
